<?xml version="1.0" encoding="UTF-8"?>
<!-- Generated by org.testng.reporters.JUnitReportReporter -->
<testsuite hostname="Automata" name="upstestlogin.LoginTest" tests="1" failures="0" timestamp="25 May 2017 15:36:28 GMT" time="9.093" errors="0">
  <testcase name="loginTest" time="9.093" classname="upstestlogin.LoginTest"/>
</testsuite> <!-- upstestlogin.LoginTest -->
