<?xml version="1.0" encoding="UTF-8"?>
<!-- Generated by org.testng.reporters.JUnitReportReporter -->
<testsuite hostname="Automata" name="upstestlogin.LoginTest" tests="1" failures="0" timestamp="25 May 2017 15:47:17 GMT" time="8.640" errors="0">
  <testcase name="loginTest" time="8.640" classname="upstestlogin.LoginTest"/>
</testsuite> <!-- upstestlogin.LoginTest -->
